<?xml version="1.0" encoding="UTF-8"?>
<testng-results ignored="0" total="22" passed="22" failed="0" skipped="0">
  <reporter-output>
  </reporter-output>
  <suite started-at="2024-07-27T21:54:00 IST" name="Suite" finished-at="2024-07-27T21:59:54 IST" duration-ms="353953">
    <groups>
    </groups>
    <test started-at="2024-07-27T21:54:00 IST" name="Test" finished-at="2024-07-27T21:59:54 IST" duration-ms="353953">
      <class name="com.luma.testcases.SignOutTest">
        <test-method is-config="true" signature="setup()[pri:0, instance:com.luma.testcases.SignOutTest@14fc5f04]" started-at="2024-07-27T21:59:40 IST" name="setup" finished-at="2024-07-27T21:59:46 IST" duration-ms="5622" status="PASS">
          <reporter-output>
          </reporter-output>
        </test-method> <!-- setup -->
        <test-method signature="signOut()[pri:0, instance:com.luma.testcases.SignOutTest@14fc5f04]" started-at="2024-07-27T21:59:46 IST" name="signOut" finished-at="2024-07-27T21:59:54 IST" duration-ms="7834" status="PASS">
          <reporter-output>
          </reporter-output>
        </test-method> <!-- signOut -->
        <test-method is-config="true" signature="tearDown()[pri:0, instance:com.luma.testcases.SignOutTest@14fc5f04]" started-at="2024-07-27T21:59:54 IST" name="tearDown" finished-at="2024-07-27T21:59:54 IST" duration-ms="369" status="PASS">
          <reporter-output>
          </reporter-output>
        </test-method> <!-- tearDown -->
      </class> <!-- com.luma.testcases.SignOutTest -->
      <class name="com.luma.testcases.Shipping">
        <test-method is-config="true" signature="setup()[pri:0, instance:com.luma.testcases.Shipping@33ecda92]" started-at="2024-07-27T21:58:26 IST" name="setup" finished-at="2024-07-27T21:58:32 IST" duration-ms="5673" status="PASS">
          <reporter-output>
          </reporter-output>
        </test-method> <!-- setup -->
        <test-method signature="checkoutPositive()[pri:1, instance:com.luma.testcases.Shipping@33ecda92]" started-at="2024-07-27T21:58:32 IST" name="checkoutPositive" finished-at="2024-07-27T21:59:40 IST" duration-ms="68124" status="PASS">
          <reporter-output>
          </reporter-output>
        </test-method> <!-- checkoutPositive -->
        <test-method is-config="true" signature="tearDown()[pri:0, instance:com.luma.testcases.Shipping@33ecda92]" started-at="2024-07-27T21:59:40 IST" name="tearDown" finished-at="2024-07-27T21:59:40 IST" duration-ms="439" status="PASS">
          <reporter-output>
          </reporter-output>
        </test-method> <!-- tearDown -->
      </class> <!-- com.luma.testcases.Shipping -->
      <class name="com.luma.testcases.SortBy">
        <test-method is-config="true" signature="setup()[pri:0, instance:com.luma.testcases.SortBy@5e7cd6cc]" started-at="2024-07-27T21:56:53 IST" name="setup" finished-at="2024-07-27T21:56:57 IST" duration-ms="4888" status="PASS">
          <reporter-output>
          </reporter-output>
        </test-method> <!-- setup -->
        <test-method is-config="true" signature="login()[pri:0, instance:com.luma.testcases.SortBy@5e7cd6cc]" started-at="2024-07-27T21:56:57 IST" name="login" finished-at="2024-07-27T21:57:03 IST" duration-ms="5601" status="PASS">
          <reporter-output>
          </reporter-output>
        </test-method> <!-- login -->
        <test-method signature="sortByDropDown()[pri:21, instance:com.luma.testcases.SortBy@5e7cd6cc]" started-at="2024-07-27T21:57:03 IST" name="sortByDropDown" finished-at="2024-07-27T21:57:09 IST" duration-ms="5782" status="PASS">
          <reporter-output>
          </reporter-output>
        </test-method> <!-- sortByDropDown -->
        <test-method is-config="true" signature="tearDown()[pri:0, instance:com.luma.testcases.SortBy@5e7cd6cc]" started-at="2024-07-27T21:57:09 IST" name="tearDown" finished-at="2024-07-27T21:57:09 IST" duration-ms="347" status="PASS">
          <reporter-output>
          </reporter-output>
        </test-method> <!-- tearDown -->
      </class> <!-- com.luma.testcases.SortBy -->
      <class name="com.luma.testcases.Mendropdown">
        <test-method is-config="true" signature="setup()[pri:0, instance:com.luma.testcases.Mendropdown@5c7933ad]" started-at="2024-07-27T21:55:21 IST" name="setup" finished-at="2024-07-27T21:55:27 IST" duration-ms="5819" status="PASS">
          <reporter-output>
          </reporter-output>
        </test-method> <!-- setup -->
        <test-method is-config="true" signature="loginPage()[pri:0, instance:com.luma.testcases.Mendropdown@5c7933ad]" started-at="2024-07-27T21:55:27 IST" name="loginPage" finished-at="2024-07-27T21:55:33 IST" duration-ms="5405" status="PASS">
          <reporter-output>
          </reporter-output>
        </test-method> <!-- loginPage -->
        <test-method signature="menDropDownSelectitem()[pri:19, instance:com.luma.testcases.Mendropdown@5c7933ad]" started-at="2024-07-27T21:55:33 IST" name="menDropDownSelectitem" finished-at="2024-07-27T21:55:42 IST" duration-ms="9044" status="PASS">
          <reporter-output>
          </reporter-output>
        </test-method> <!-- menDropDownSelectitem -->
        <test-method is-config="true" signature="logOutPage()[pri:0, instance:com.luma.testcases.Mendropdown@5c7933ad]" started-at="2024-07-27T21:55:42 IST" name="logOutPage" finished-at="2024-07-27T21:55:47 IST" duration-ms="5083" status="PASS">
          <reporter-output>
          </reporter-output>
        </test-method> <!-- logOutPage -->
        <test-method is-config="true" signature="tearDown()[pri:0, instance:com.luma.testcases.Mendropdown@5c7933ad]" started-at="2024-07-27T21:55:47 IST" name="tearDown" finished-at="2024-07-27T21:55:47 IST" duration-ms="0" status="PASS">
          <reporter-output>
          </reporter-output>
        </test-method> <!-- tearDown -->
      </class> <!-- com.luma.testcases.Mendropdown -->
      <class name="com.luma.testcases.AddToCartTest">
        <test-method is-config="true" signature="setup()[pri:0, instance:com.luma.testcases.AddToCartTest@5b7a7f33]" started-at="2024-07-27T21:54:56 IST" name="setup" finished-at="2024-07-27T21:55:01 IST" duration-ms="5501" status="PASS">
          <reporter-output>
          </reporter-output>
        </test-method> <!-- setup -->
        <test-method signature="addToCartPositive()[pri:15, instance:com.luma.testcases.AddToCartTest@5b7a7f33]" started-at="2024-07-27T21:55:01 IST" name="addToCartPositive" finished-at="2024-07-27T21:55:06 IST" duration-ms="4972" status="PASS">
          <reporter-output>
          </reporter-output>
        </test-method> <!-- addToCartPositive -->
        <test-method is-config="true" signature="tearDown()[pri:0, instance:com.luma.testcases.AddToCartTest@5b7a7f33]" started-at="2024-07-27T21:55:06 IST" name="tearDown" finished-at="2024-07-27T21:55:07 IST" duration-ms="312" status="PASS">
          <reporter-output>
          </reporter-output>
        </test-method> <!-- tearDown -->
      </class> <!-- com.luma.testcases.AddToCartTest -->
      <class name="com.luma.testcases.FooterSearchTerm">
        <test-method is-config="true" signature="setup()[pri:0, instance:com.luma.testcases.FooterSearchTerm@d554c5f]" started-at="2024-07-27T21:57:20 IST" name="setup" finished-at="2024-07-27T21:57:25 IST" duration-ms="4804" status="PASS">
          <reporter-output>
          </reporter-output>
        </test-method> <!-- setup -->
        <test-method signature="searchTerm()[pri:0, instance:com.luma.testcases.FooterSearchTerm@d554c5f]" started-at="2024-07-27T21:57:25 IST" name="searchTerm" finished-at="2024-07-27T21:57:31 IST" duration-ms="6424" status="PASS">
          <reporter-output>
          </reporter-output>
        </test-method> <!-- searchTerm -->
        <test-method is-config="true" signature="tearDown()[pri:0, instance:com.luma.testcases.FooterSearchTerm@d554c5f]" started-at="2024-07-27T21:57:31 IST" name="tearDown" finished-at="2024-07-27T21:57:33 IST" duration-ms="1236" status="PASS">
          <reporter-output>
          </reporter-output>
        </test-method> <!-- tearDown -->
      </class> <!-- com.luma.testcases.FooterSearchTerm -->
      <class name="com.luma.testcases.HomePageTest">
        <test-method is-config="true" signature="setup()[pri:0, instance:com.luma.testcases.HomePageTest@65f8f5ae]" started-at="2024-07-27T21:54:29 IST" name="setup" finished-at="2024-07-27T21:54:34 IST" duration-ms="5493" status="PASS">
          <reporter-output>
          </reporter-output>
        </test-method> <!-- setup -->
        <test-method signature="verifyHomePageTitle()[pri:7, instance:com.luma.testcases.HomePageTest@65f8f5ae]" started-at="2024-07-27T21:54:34 IST" name="verifyHomePageTitle" finished-at="2024-07-27T21:54:34 IST" duration-ms="16" status="PASS">
          <reporter-output>
          </reporter-output>
        </test-method> <!-- verifyHomePageTitle -->
        <test-method signature="verifyLogoPresence()[pri:8, instance:com.luma.testcases.HomePageTest@65f8f5ae]" started-at="2024-07-27T21:54:34 IST" name="verifyLogoPresence" finished-at="2024-07-27T21:54:34 IST" duration-ms="68" status="PASS">
          <reporter-output>
          </reporter-output>
        </test-method> <!-- verifyLogoPresence -->
        <test-method is-config="true" signature="tearDown()[pri:0, instance:com.luma.testcases.HomePageTest@65f8f5ae]" started-at="2024-07-27T21:54:34 IST" name="tearDown" finished-at="2024-07-27T21:54:34 IST" duration-ms="250" status="PASS">
          <reporter-output>
          </reporter-output>
        </test-method> <!-- tearDown -->
      </class> <!-- com.luma.testcases.HomePageTest -->
      <class name="com.luma.testcases.FooterNotes">
        <test-method is-config="true" signature="setup()[pri:0, instance:com.luma.testcases.FooterNotes@68c9d179]" started-at="2024-07-27T21:57:09 IST" name="setup" finished-at="2024-07-27T21:57:15 IST" duration-ms="5379" status="PASS">
          <reporter-output>
          </reporter-output>
        </test-method> <!-- setup -->
        <test-method signature="notes()[pri:0, instance:com.luma.testcases.FooterNotes@68c9d179]" started-at="2024-07-27T21:57:15 IST" name="notes" finished-at="2024-07-27T21:57:20 IST" duration-ms="5227" status="PASS">
          <reporter-output>
          </reporter-output>
        </test-method> <!-- notes -->
        <test-method is-config="true" signature="tearDown()[pri:0, instance:com.luma.testcases.FooterNotes@68c9d179]" started-at="2024-07-27T21:57:20 IST" name="tearDown" finished-at="2024-07-27T21:57:20 IST" duration-ms="355" status="PASS">
          <reporter-output>
          </reporter-output>
        </test-method> <!-- tearDown -->
      </class> <!-- com.luma.testcases.FooterNotes -->
      <class name="com.luma.testcases.SignInTest">
        <test-method is-config="true" signature="setup()[pri:0, instance:com.luma.testcases.SignInTest@194fad1]" started-at="2024-07-27T21:54:00 IST" name="setup" finished-at="2024-07-27T21:54:07 IST" duration-ms="7154" status="PASS">
          <reporter-output>
          </reporter-output>
        </test-method> <!-- setup -->
        <test-method signature="signInPositive()[pri:3, instance:com.luma.testcases.SignInTest@194fad1]" started-at="2024-07-27T21:54:07 IST" name="signInPositive" finished-at="2024-07-27T21:54:11 IST" duration-ms="3865" status="PASS">
          <reporter-output>
          </reporter-output>
        </test-method> <!-- signInPositive -->
        <test-method is-config="true" signature="tearDown()[pri:0, instance:com.luma.testcases.SignInTest@194fad1]" started-at="2024-07-27T21:54:11 IST" name="tearDown" finished-at="2024-07-27T21:54:12 IST" duration-ms="338" status="PASS">
          <reporter-output>
          </reporter-output>
        </test-method> <!-- tearDown -->
      </class> <!-- com.luma.testcases.SignInTest -->
      <class name="com.luma.testcases.ScrollPage">
        <test-method is-config="true" signature="setup()[pri:0, instance:com.luma.testcases.ScrollPage@4b8d604b]" started-at="2024-07-27T21:56:42 IST" name="setup" finished-at="2024-07-27T21:56:47 IST" duration-ms="4770" status="PASS">
          <reporter-output>
          </reporter-output>
        </test-method> <!-- setup -->
        <test-method signature="scr()[pri:20, instance:com.luma.testcases.ScrollPage@4b8d604b]" started-at="2024-07-27T21:56:47 IST" name="scr" finished-at="2024-07-27T21:56:53 IST" duration-ms="5273" status="PASS">
          <reporter-output>
          </reporter-output>
        </test-method> <!-- scr -->
        <test-method is-config="true" signature="tearDown()[pri:0, instance:com.luma.testcases.ScrollPage@4b8d604b]" started-at="2024-07-27T21:56:53 IST" name="tearDown" finished-at="2024-07-27T21:56:53 IST" duration-ms="0" status="PASS">
          <reporter-output>
          </reporter-output>
        </test-method> <!-- tearDown -->
      </class> <!-- com.luma.testcases.ScrollPage -->
      <class name="com.luma.testcases.LogoTest">
        <test-method is-config="true" signature="setup()[pri:0, instance:com.luma.testcases.LogoTest@72c8e7b]" started-at="2024-07-27T21:54:22 IST" name="setup" finished-at="2024-07-27T21:54:27 IST" duration-ms="5767" status="PASS">
          <reporter-output>
          </reporter-output>
        </test-method> <!-- setup -->
        <test-method signature="logo()[pri:6, instance:com.luma.testcases.LogoTest@72c8e7b]" started-at="2024-07-27T21:54:27 IST" name="logo" finished-at="2024-07-27T21:54:28 IST" duration-ms="1133" status="PASS">
          <reporter-output>
          </reporter-output>
        </test-method> <!-- logo -->
        <test-method is-config="true" signature="tearDown()[pri:0, instance:com.luma.testcases.LogoTest@72c8e7b]" started-at="2024-07-27T21:54:28 IST" name="tearDown" finished-at="2024-07-27T21:54:29 IST" duration-ms="244" status="PASS">
          <reporter-output>
          </reporter-output>
        </test-method> <!-- tearDown -->
      </class> <!-- com.luma.testcases.LogoTest -->
      <class name="com.luma.testcases.DeleteCartitem">
        <test-method is-config="true" signature="setup()[pri:0, instance:com.luma.testcases.DeleteCartitem@790da477]" started-at="2024-07-27T21:55:07 IST" name="setup" finished-at="2024-07-27T21:55:12 IST" duration-ms="5044" status="PASS">
          <reporter-output>
          </reporter-output>
        </test-method> <!-- setup -->
        <test-method signature="login()[pri:17, instance:com.luma.testcases.DeleteCartitem@790da477]" started-at="2024-07-27T21:55:12 IST" name="login" finished-at="2024-07-27T21:55:19 IST" duration-ms="7366" status="PASS">
          <reporter-output>
          </reporter-output>
        </test-method> <!-- login -->
        <test-method signature="deleteCart()[pri:18, instance:com.luma.testcases.DeleteCartitem@790da477]" started-at="2024-07-27T21:55:19 IST" name="deleteCart" finished-at="2024-07-27T21:55:21 IST" duration-ms="2168" status="PASS">
          <reporter-output>
          </reporter-output>
        </test-method> <!-- deleteCart -->
        <test-method is-config="true" signature="tearDown()[pri:0, instance:com.luma.testcases.DeleteCartitem@790da477]" started-at="2024-07-27T21:55:21 IST" name="tearDown" finished-at="2024-07-27T21:55:21 IST" duration-ms="371" status="PASS">
          <reporter-output>
          </reporter-output>
        </test-method> <!-- tearDown -->
      </class> <!-- com.luma.testcases.DeleteCartitem -->
      <class name="com.luma.testcases.ShipppingtoCheckoutTest">
        <test-method is-config="true" signature="setup()[pri:0, instance:com.luma.testcases.ShipppingtoCheckoutTest@15888343]" started-at="2024-07-27T21:57:46 IST" name="setup" finished-at="2024-07-27T21:57:52 IST" duration-ms="5248" status="PASS">
          <reporter-output>
          </reporter-output>
        </test-method> <!-- setup -->
        <test-method is-config="true" signature="login()[pri:0, instance:com.luma.testcases.ShipppingtoCheckoutTest@15888343]" started-at="2024-07-27T21:57:52 IST" name="login" finished-at="2024-07-27T21:57:58 IST" duration-ms="5895" status="PASS">
          <reporter-output>
          </reporter-output>
        </test-method> <!-- login -->
        <test-method signature="shippingtoCheckout()[pri:0, instance:com.luma.testcases.ShipppingtoCheckoutTest@15888343]" started-at="2024-07-27T21:57:58 IST" name="shippingtoCheckout" finished-at="2024-07-27T21:58:26 IST" duration-ms="28165" status="PASS">
          <reporter-output>
          </reporter-output>
        </test-method> <!-- shippingtoCheckout -->
        <test-method is-config="true" signature="logOut()[pri:0, instance:com.luma.testcases.ShipppingtoCheckoutTest@15888343]" started-at="2024-07-27T21:58:26 IST" name="logOut" finished-at="2024-07-27T21:58:26 IST" duration-ms="447" status="PASS">
          <reporter-output>
          </reporter-output>
        </test-method> <!-- logOut -->
        <test-method is-config="true" signature="tearDown()[pri:0, instance:com.luma.testcases.ShipppingtoCheckoutTest@15888343]" started-at="2024-07-27T21:58:26 IST" name="tearDown" finished-at="2024-07-27T21:58:26 IST" duration-ms="0" status="PASS">
          <reporter-output>
          </reporter-output>
        </test-method> <!-- tearDown -->
      </class> <!-- com.luma.testcases.ShipppingtoCheckoutTest -->
      <class name="com.luma.testcases.Womendropdown">
        <test-method is-config="true" signature="setup()[pri:0, instance:com.luma.testcases.Womendropdown@57bc27f5]" started-at="2024-07-27T21:55:47 IST" name="setup" finished-at="2024-07-27T21:55:53 IST" duration-ms="6048" status="PASS">
          <reporter-output>
          </reporter-output>
        </test-method> <!-- setup -->
        <test-method is-config="true" signature="loginPage()[pri:0, instance:com.luma.testcases.Womendropdown@57bc27f5]" started-at="2024-07-27T21:55:53 IST" name="loginPage" finished-at="2024-07-27T21:55:59 IST" duration-ms="6514" status="PASS">
          <reporter-output>
          </reporter-output>
        </test-method> <!-- loginPage -->
        <test-method signature="womenDropDownSelectitem()[pri:20, instance:com.luma.testcases.Womendropdown@57bc27f5]" started-at="2024-07-27T21:55:59 IST" name="womenDropDownSelectitem" finished-at="2024-07-27T21:56:09 IST" duration-ms="10028" status="PASS">
          <reporter-output>
          </reporter-output>
        </test-method> <!-- womenDropDownSelectitem -->
        <test-method is-config="true" signature="logOutPage()[pri:0, instance:com.luma.testcases.Womendropdown@57bc27f5]" started-at="2024-07-27T21:56:09 IST" name="logOutPage" finished-at="2024-07-27T21:56:14 IST" duration-ms="5052" status="PASS">
          <reporter-output>
          </reporter-output>
        </test-method> <!-- logOutPage -->
        <test-method is-config="true" signature="tearDown()[pri:0, instance:com.luma.testcases.Womendropdown@57bc27f5]" started-at="2024-07-27T21:56:14 IST" name="tearDown" finished-at="2024-07-27T21:56:14 IST" duration-ms="0" status="PASS">
          <reporter-output>
          </reporter-output>
        </test-method> <!-- tearDown -->
      </class> <!-- com.luma.testcases.Womendropdown -->
      <class name="com.luma.testcases.SearchTest">
        <test-method is-config="true" signature="setup()[pri:0, instance:com.luma.testcases.SearchTest@431cd9b2]" started-at="2024-07-27T21:54:34 IST" name="setup" finished-at="2024-07-27T21:54:40 IST" duration-ms="5027" status="PASS">
          <reporter-output>
          </reporter-output>
        </test-method> <!-- setup -->
        <test-method signature="searchPositive()[pri:11, instance:com.luma.testcases.SearchTest@431cd9b2]" started-at="2024-07-27T21:54:40 IST" name="searchPositive" finished-at="2024-07-27T21:54:42 IST" duration-ms="2341" status="PASS">
          <reporter-output>
          </reporter-output>
        </test-method> <!-- searchPositive -->
        <test-method signature="searchNegativeNoResults()[pri:12, instance:com.luma.testcases.SearchTest@431cd9b2]" started-at="2024-07-27T21:54:42 IST" name="searchNegativeNoResults" finished-at="2024-07-27T21:54:45 IST" duration-ms="3397" status="PASS">
          <reporter-output>
          </reporter-output>
        </test-method> <!-- searchNegativeNoResults -->
        <test-method is-config="true" signature="tearDown()[pri:0, instance:com.luma.testcases.SearchTest@431cd9b2]" started-at="2024-07-27T21:54:45 IST" name="tearDown" finished-at="2024-07-27T21:54:46 IST" duration-ms="324" status="PASS">
          <reporter-output>
          </reporter-output>
        </test-method> <!-- tearDown -->
      </class> <!-- com.luma.testcases.SearchTest -->
      <class name="com.luma.testcases.GearDropdown">
        <test-method is-config="true" signature="setup()[pri:0, instance:com.luma.testcases.GearDropdown@5fb759d6]" started-at="2024-07-27T21:56:14 IST" name="setup" finished-at="2024-07-27T21:56:21 IST" duration-ms="6809" status="PASS">
          <reporter-output>
          </reporter-output>
        </test-method> <!-- setup -->
        <test-method is-config="true" signature="loginPage()[pri:0, instance:com.luma.testcases.GearDropdown@5fb759d6]" started-at="2024-07-27T21:56:21 IST" name="loginPage" finished-at="2024-07-27T21:56:28 IST" duration-ms="6693" status="PASS">
          <reporter-output>
          </reporter-output>
        </test-method> <!-- loginPage -->
        <test-method signature="gearDropDownSelectitem()[pri:19, instance:com.luma.testcases.GearDropdown@5fb759d6]" started-at="2024-07-27T21:56:28 IST" name="gearDropDownSelectitem" finished-at="2024-07-27T21:56:37 IST" duration-ms="9049" status="PASS">
          <reporter-output>
          </reporter-output>
        </test-method> <!-- gearDropDownSelectitem -->
        <test-method is-config="true" signature="logOutPage()[pri:0, instance:com.luma.testcases.GearDropdown@5fb759d6]" started-at="2024-07-27T21:56:37 IST" name="logOutPage" finished-at="2024-07-27T21:56:42 IST" duration-ms="5454" status="PASS">
          <reporter-output>
          </reporter-output>
        </test-method> <!-- logOutPage -->
        <test-method is-config="true" signature="tearDown()[pri:0, instance:com.luma.testcases.GearDropdown@5fb759d6]" started-at="2024-07-27T21:56:42 IST" name="tearDown" finished-at="2024-07-27T21:56:42 IST" duration-ms="0" status="PASS">
          <reporter-output>
          </reporter-output>
        </test-method> <!-- tearDown -->
      </class> <!-- com.luma.testcases.GearDropdown -->
      <class name="com.luma.testcases.SelectProductTest">
        <test-method is-config="true" signature="setup()[pri:0, instance:com.luma.testcases.SelectProductTest@38467116]" started-at="2024-07-27T21:54:46 IST" name="setup" finished-at="2024-07-27T21:54:51 IST" duration-ms="5659" status="PASS">
          <reporter-output>
          </reporter-output>
        </test-method> <!-- setup -->
        <test-method signature="searchAndSelectProduct()[pri:13, instance:com.luma.testcases.SelectProductTest@38467116]" started-at="2024-07-27T21:54:51 IST" name="searchAndSelectProduct" finished-at="2024-07-27T21:54:55 IST" duration-ms="4158" status="PASS">
          <reporter-output>
          </reporter-output>
        </test-method> <!-- searchAndSelectProduct -->
        <test-method is-config="true" signature="tearDown()[pri:0, instance:com.luma.testcases.SelectProductTest@38467116]" started-at="2024-07-27T21:54:55 IST" name="tearDown" finished-at="2024-07-27T21:54:56 IST" duration-ms="332" status="PASS">
          <reporter-output>
          </reporter-output>
        </test-method> <!-- tearDown -->
      </class> <!-- com.luma.testcases.SelectProductTest -->
      <class name="com.luma.testcases.CreateAccountTest">
        <test-method is-config="true" signature="setup()[pri:0, instance:com.luma.testcases.CreateAccountTest@26abb146]" started-at="2024-07-27T21:54:12 IST" name="setup" finished-at="2024-07-27T21:54:17 IST" duration-ms="4832" status="PASS">
          <reporter-output>
          </reporter-output>
        </test-method> <!-- setup -->
        <test-method signature="createAccountPositive()[pri:0, instance:com.luma.testcases.CreateAccountTest@26abb146]" started-at="2024-07-27T21:54:17 IST" name="createAccountPositive" finished-at="2024-07-27T21:54:21 IST" duration-ms="4740" status="PASS">
          <reporter-output>
          </reporter-output>
        </test-method> <!-- createAccountPositive -->
        <test-method is-config="true" signature="tearDown()[pri:0, instance:com.luma.testcases.CreateAccountTest@26abb146]" started-at="2024-07-27T21:54:21 IST" name="tearDown" finished-at="2024-07-27T21:54:22 IST" duration-ms="244" status="PASS">
          <reporter-output>
          </reporter-output>
        </test-method> <!-- tearDown -->
      </class> <!-- com.luma.testcases.CreateAccountTest -->
      <class name="com.luma.testcases.FooterPrivacy">
        <test-method is-config="true" signature="setup()[pri:0, instance:com.luma.testcases.FooterPrivacy@2dfaea86]" started-at="2024-07-27T21:57:33 IST" name="setup" finished-at="2024-07-27T21:57:39 IST" duration-ms="6089" status="PASS">
          <reporter-output>
          </reporter-output>
        </test-method> <!-- setup -->
        <test-method signature="privacyPolicy()[pri:0, instance:com.luma.testcases.FooterPrivacy@2dfaea86]" started-at="2024-07-27T21:57:39 IST" name="privacyPolicy" finished-at="2024-07-27T21:57:46 IST" duration-ms="7277" status="PASS">
          <reporter-output>
          </reporter-output>
        </test-method> <!-- privacyPolicy -->
        <test-method is-config="true" signature="tearDown()[pri:0, instance:com.luma.testcases.FooterPrivacy@2dfaea86]" started-at="2024-07-27T21:57:46 IST" name="tearDown" finished-at="2024-07-27T21:57:46 IST" duration-ms="425" status="PASS">
          <reporter-output>
          </reporter-output>
        </test-method> <!-- tearDown -->
      </class> <!-- com.luma.testcases.FooterPrivacy -->
    </test> <!-- Test -->
  </suite> <!-- Suite -->
</testng-results>
