<?xml version="1.0" encoding="UTF-8"?>
<!-- Generated by org.testng.reporters.JUnitXMLReporter -->
<testsuite ignored="9" hostname="LAPTOP-RH9C0VS7" failures="0" tests="22" name="Test" time="353.953" errors="0" timestamp="2024-07-27T21:59:54 IST">
  <testcase classname="com.luma.testcases.SignInTest" name="signInPositive" time="3.865"/>
  <testcase classname="com.luma.testcases.CreateAccountTest" name="createAccountPositive" time="4.74"/>
  <testcase classname="com.luma.testcases.LogoTest" name="logo" time="1.133"/>
  <testcase classname="com.luma.testcases.HomePageTest" name="verifyHomePageTitle" time="0.016"/>
  <testcase classname="com.luma.testcases.HomePageTest" name="verifyLogoPresence" time="0.068"/>
  <testcase classname="com.luma.testcases.SearchTest" name="searchPositive" time="2.341"/>
  <testcase classname="com.luma.testcases.SearchTest" name="searchNegativeNoResults" time="3.397"/>
  <testcase classname="com.luma.testcases.SelectProductTest" name="searchAndSelectProduct" time="4.158"/>
  <testcase classname="com.luma.testcases.AddToCartTest" name="addToCartPositive" time="4.972"/>
  <testcase classname="com.luma.testcases.DeleteCartitem" name="login" time="7.366"/>
  <testcase classname="com.luma.testcases.DeleteCartitem" name="deleteCart" time="2.168"/>
  <testcase classname="com.luma.testcases.Mendropdown" name="menDropDownSelectitem" time="9.044"/>
  <testcase classname="com.luma.testcases.Womendropdown" name="womenDropDownSelectitem" time="10.028"/>
  <testcase classname="com.luma.testcases.GearDropdown" name="gearDropDownSelectitem" time="9.049"/>
  <testcase classname="com.luma.testcases.ScrollPage" name="scr" time="5.273"/>
  <testcase classname="com.luma.testcases.SortBy" name="sortByDropDown" time="5.782"/>
  <testcase classname="com.luma.testcases.FooterNotes" name="notes" time="5.227"/>
  <testcase classname="com.luma.testcases.FooterSearchTerm" name="searchTerm" time="6.424"/>
  <testcase classname="com.luma.testcases.FooterPrivacy" name="privacyPolicy" time="7.277"/>
  <testcase classname="com.luma.testcases.ShipppingtoCheckoutTest" name="shippingtoCheckout" time="28.165"/>
  <testcase classname="com.luma.testcases.Shipping" name="checkoutPositive" time="68.124"/>
  <testcase classname="com.luma.testcases.SignOutTest" name="signOut" time="7.834"/>
  <testcase classname="com.luma.testcases.Shipping" name="checkoutNegativeIncompleteAddress" time="0.0">
    <ignored/>
  </testcase> <!-- checkoutNegativeIncompleteAddress -->
  <testcase classname="com.luma.testcases.CreateAccountTest" name="createAccountNegativePasswordMismatch" time="0.0">
    <ignored/>
  </testcase> <!-- createAccountNegativePasswordMismatch -->
  <testcase classname="com.luma.testcases.HomePageTest" name="verifyNavigationMenu" time="0.0">
    <ignored/>
  </testcase> <!-- verifyNavigationMenu -->
  <testcase classname="com.luma.testcases.SignInTest" name="signInNegativeInvalidPassword" time="0.0">
    <ignored/>
  </testcase> <!-- signInNegativeInvalidPassword -->
  <testcase classname="com.luma.testcases.CreateAccountTest" name="createAccountNegativeInvalidEmail" time="0.0">
    <ignored/>
  </testcase> <!-- createAccountNegativeInvalidEmail -->
  <testcase classname="com.luma.testcases.SelectProductTest" name="searchAndSelectProductNegative" time="0.0">
    <ignored/>
  </testcase> <!-- searchAndSelectProductNegative -->
  <testcase classname="com.luma.testcases.SignInTest" name="signInNegativeInvalidEmail" time="0.0">
    <ignored/>
  </testcase> <!-- signInNegativeInvalidEmail -->
  <testcase classname="com.luma.testcases.AddToCartTest" name="addToCartNegativeOutOfStock" time="0.0">
    <ignored/>
  </testcase> <!-- addToCartNegativeOutOfStock -->
  <testcase classname="com.luma.testcases.HomePageTest" name="verifySearchBarPresence" time="0.0">
    <ignored/>
  </testcase> <!-- verifySearchBarPresence -->
</testsuite> <!-- Test -->
